<?xml version="1.0" encoding="UTF-8"?>
<!-- Generated by org.testng.reporters.JUnitReportReporter -->
<testsuite skipped="0" hostname="Balaji-PC" name="Testcases.TestScript$Assignment" tests="4" failures="0" timestamp="06 Feb 2021 13:30:52 GMT" time="26.452" errors="0">
  <testcase name="EnterNikon" time="11.476" classname="Testcases.TestScript$Assignment"/>
  <testcase name="Sort" time="3.855" classname="Testcases.TestScript$Assignment"/>
  <testcase name="SelectSecondProduct" time="11.006" classname="Testcases.TestScript$Assignment"/>
  <testcase name="VerifyText" time="0.115" classname="Testcases.TestScript$Assignment"/>
</testsuite> <!-- Testcases.TestScript$Assignment -->
