<?xml version="1.0" encoding="UTF-8"?>
<!-- Generated by org.testng.reporters.JUnitReportReporter -->
<testsuite skipped="0" hostname="Balaji-PC" name="Testcases.AssighnmentUsingTestNG" tests="4" failures="0" timestamp="06 Feb 2021 16:45:15 GMT" time="20.478" errors="0">
  <testcase name="EnterNikon" time="5.831" classname="Testcases.AssighnmentUsingTestNG"/>
  <testcase name="Sort" time="4.845" classname="Testcases.AssighnmentUsingTestNG"/>
  <testcase name="SelectSecondProduct" time="9.423" classname="Testcases.AssighnmentUsingTestNG"/>
  <testcase name="VerifyText" time="0.379" classname="Testcases.AssighnmentUsingTestNG"/>
</testsuite> <!-- Testcases.AssighnmentUsingTestNG -->
