<?xml version="1.0" encoding="UTF-8"?>
<!-- Generated by org.testng.reporters.JUnitReportReporter -->
<testsuite skipped="0" hostname="Balaji-PC" name="Testcases.TestScript" tests="4" failures="0" timestamp="06 Feb 2021 14:45:13 GMT" time="16.031" errors="0">
  <testcase name="EnterNikon" time="4.010" classname="Testcases.TestScript"/>
  <testcase name="Sort" time="2.257" classname="Testcases.TestScript"/>
  <testcase name="SelectSecondProduct" time="9.728" classname="Testcases.TestScript"/>
  <testcase name="VerifyText" time="0.036" classname="Testcases.TestScript"/>
</testsuite> <!-- Testcases.TestScript -->
